<?xml version="1.0" encoding="UTF-8"?>
<testng-results ignored="0" total="4" passed="4" failed="0" skipped="0">
  <reporter-output>
  </reporter-output>
  <suite started-at="2023-03-13T12:41:02 IST" name="Default suite" finished-at="2023-03-13T12:41:22 IST" duration-ms="20283">
    <groups>
    </groups>
    <test started-at="2023-03-13T12:41:02 IST" name="Default test" finished-at="2023-03-13T12:41:22 IST" duration-ms="20283">
      <class name="TestNGPractice.DataProviderDemo2">
        <test-method signature="launchWebsite()[pri:1, instance:TestNGPractice.DataProviderDemo2@158d2680]" started-at="2023-03-13T12:41:02 IST" name="launchWebsite" finished-at="2023-03-13T12:41:15 IST" duration-ms="13060" status="PASS">
          <reporter-output>
          </reporter-output>
        </test-method> <!-- launchWebsite -->
        <test-method signature="giveLogInINputs(java.lang.String,java.lang.String,int)[pri:2, instance:TestNGPractice.DataProviderDemo2@158d2680]" started-at="2023-03-13T12:41:15 IST" name="giveLogInINputs" data-provider="logInCredentials" finished-at="2023-03-13T12:41:15 IST" duration-ms="154" status="PASS">
          <params>
            <param index="0">
              <value>
                <![CDATA[shweta]]>
              </value>
            </param>
            <param index="1">
              <value>
                <![CDATA[shwiririit]]>
              </value>
            </param>
            <param index="2">
              <value>
                <![CDATA[1]]>
              </value>
            </param>
          </params>
          <reporter-output>
          </reporter-output>
        </test-method> <!-- giveLogInINputs -->
        <test-method signature="giveLogInINputs(java.lang.String,java.lang.String,int)[pri:2, instance:TestNGPractice.DataProviderDemo2@158d2680]" started-at="2023-03-13T12:41:15 IST" name="giveLogInINputs" data-provider="logInCredentials" finished-at="2023-03-13T12:41:20 IST" duration-ms="5052" status="PASS">
          <params>
            <param index="0">
              <value>
                <![CDATA[skswer@gmail.com]]>
              </value>
            </param>
            <param index="1">
              <value>
                <![CDATA[4567]]>
              </value>
            </param>
            <param index="2">
              <value>
                <![CDATA[2]]>
              </value>
            </param>
          </params>
          <reporter-output>
          </reporter-output>
        </test-method> <!-- giveLogInINputs -->
        <test-method signature="giveLogInINputs(java.lang.String,java.lang.String,int)[pri:2, instance:TestNGPractice.DataProviderDemo2@158d2680]" started-at="2023-03-13T12:41:20 IST" name="giveLogInINputs" data-provider="logInCredentials" finished-at="2023-03-13T12:41:22 IST" duration-ms="1970" status="PASS">
          <params>
            <param index="0">
              <value>
                <![CDATA[skswer@gmail.com]]>
              </value>
            </param>
            <param index="1">
              <value>
                <![CDATA[8912]]>
              </value>
            </param>
            <param index="2">
              <value>
                <![CDATA[3]]>
              </value>
            </param>
          </params>
          <reporter-output>
          </reporter-output>
        </test-method> <!-- giveLogInINputs -->
      </class> <!-- TestNGPractice.DataProviderDemo2 -->
    </test> <!-- Default test -->
  </suite> <!-- Default suite -->
</testng-results>
