<?xml version="1.0" encoding="UTF-8"?>
<!-- Generated by org.testng.reporters.JUnitXMLReporter -->
<testsuite ignored="0" hostname="MUM-LAP-1579" failures="0" tests="4" name="Default test" time="20.283" errors="0" timestamp="2023-03-13T12:41:22 IST">
  <testcase classname="TestNGPractice.DataProviderDemo2" name="launchWebsite" time="13.06"/>
  <testcase classname="TestNGPractice.DataProviderDemo2" name="giveLogInINputs" time="0.154"/>
  <testcase classname="TestNGPractice.DataProviderDemo2" name="giveLogInINputs" time="5.052"/>
  <testcase classname="TestNGPractice.DataProviderDemo2" name="giveLogInINputs" time="1.97"/>
</testsuite> <!-- Default test -->
