<?xml version="1.0" encoding="UTF-8"?>
<!-- Generated by org.testng.reporters.JUnitXMLReporter -->
<testsuite ignored="0" hostname="MUM-LAP-1579" failures="0" tests="4" name="Groupingtest" time="12.749" errors="0" timestamp="2023-02-27T18:57:11 IST">
  <testcase classname="TestNGPractice.TestngDependencies" name="initialMethod" time="0.01"/>
  <testcase classname="TestNGPractice.TestngDependencies" name="LaunchEdgeDriver" time="7.856"/>
  <testcase classname="TestNGPractice.TestngDependencies" name="Method2" time="4.842"/>
  <testcase classname="TestNGPractice.TestngDependencies" name="skipTest" time="0.001"/>
</testsuite> <!-- Groupingtest -->
